<?xml version="1.0" encoding="UTF-8"?>
<testng-results ignored="0" total="1" passed="1" failed="0" skipped="0">
  <reporter-output>
  </reporter-output>
  <suite started-at="2023-01-16T21:45:57 PST" name="Default suite" finished-at="2023-01-16T21:45:57 PST" duration-ms="76">
    <groups>
    </groups>
    <test started-at="2023-01-16T21:45:57 PST" name="Default test" finished-at="2023-01-16T21:45:57 PST" duration-ms="76">
      <class name="Testng.DummyProject">
        <test-method signature="test01()[pri:0, instance:Testng.DummyProject@12b0404f]" started-at="2023-01-16T21:45:57 PST" name="test01" finished-at="2023-01-16T21:45:57 PST" duration-ms="18" status="PASS">
          <reporter-output>
          </reporter-output>
        </test-method> <!-- test01 -->
      </class> <!-- Testng.DummyProject -->
    </test> <!-- Default test -->
  </suite> <!-- Default suite -->
</testng-results>
